--------------------------------------------------------------------------------
Release 14.5 Trace  (nt)
Copyright (c) 1995-2012 Xilinx, Inc.  All rights reserved.

C:\Xilinx\14.5\ISE_DS\ISE\bin\nt\unwrapped\trce.exe -intstyle ise -v 3 -s 4 -n
3 -fastpaths -xml ALU.twx ALU.ncd -o ALU.twr ALU.pcf -ucf ALU.ucf

Design file:              ALU.ncd
Physical constraint file: ALU.pcf
Device,package,speed:     xc3s500e,fg320,-4 (PRODUCTION 1.27 2013-03-26)
Report level:             verbose report

Environment Variable      Effect 
--------------------      ------ 
NONE                      No environment variables were set
--------------------------------------------------------------------------------

INFO:Timing:2698 - No timing constraints found, doing default enumeration.
INFO:Timing:3412 - To improve timing, see the Timing Closure User Guide (UG612).
INFO:Timing:2752 - To get complete path coverage, use the unconstrained paths 
   option. All paths that are not constrained will be reported in the 
   unconstrained paths section(s) of the report.
INFO:Timing:3339 - The clock-to-out numbers in this timing report are based on 
   a 50 Ohm transmission line loading model.  For the details of this model, 
   and for more information on accounting for different loading conditions, 
   please see the device datasheet.
INFO:Timing:3390 - This architecture does not support a default System Jitter 
   value, please add SYSTEM_JITTER constraint to the UCF to modify the Clock 
   Uncertainty calculation.
INFO:Timing:3389 - This architecture does not support 'Discrete Jitter' and 
   'Phase Error' calculations, these terms will be zero in the Clock 
   Uncertainty calculation.  Please make appropriate modification to 
   SYSTEM_JITTER to account for the unsupported Discrete Jitter and Phase 
   Error.



Data Sheet report:
-----------------
All values displayed in nanoseconds (ns)

Pad to Pad
---------------+---------------+---------+
Source Pad     |Destination Pad|  Delay  |
---------------+---------------+---------+
A<0>           |R<0>           |    7.064|
A<0>           |R<1>           |    8.174|
A<0>           |R<2>           |    8.931|
A<0>           |R<3>           |   10.108|
A<1>           |R<1>           |    6.885|
A<1>           |R<2>           |    8.364|
A<1>           |R<3>           |    8.866|
A<2>           |R<2>           |    6.747|
A<2>           |R<3>           |    8.436|
A<3>           |R<3>           |    9.032|
B<0>           |R<0>           |    8.465|
B<0>           |R<1>           |    8.544|
B<0>           |R<2>           |    9.907|
B<0>           |R<3>           |   10.842|
B<1>           |R<1>           |    8.285|
B<1>           |R<2>           |    9.604|
B<1>           |R<3>           |   10.052|
B<2>           |R<2>           |    7.685|
B<2>           |R<3>           |    9.432|
B<3>           |R<3>           |    9.126|
Op<0>          |R<0>           |    8.208|
Op<0>          |R<1>           |    8.873|
Op<0>          |R<2>           |    9.613|
Op<0>          |R<3>           |    8.216|
Op<1>          |R<0>           |    8.227|
Op<1>          |R<1>           |    7.756|
Op<1>          |R<2>           |    7.747|
Op<1>          |R<3>           |    8.732|
Op<2>          |R<0>           |    7.532|
Op<2>          |R<1>           |    7.783|
Op<2>          |R<2>           |    7.723|
Op<2>          |R<3>           |    7.491|
---------------+---------------+---------+


Analysis completed Fri Jun 16 17:53:28 2023 
--------------------------------------------------------------------------------

Trace Settings:
-------------------------
Trace Settings 

Peak Memory Usage: 140 MB



